Using pre-set license

 COMMAND LINE ARGUMENTS:
/Applications/Unity/Hub/Editor/2020.3.11f1/Unity.app/Contents/MacOS/Unity
-adb2
-batchMode
-noUpm
-name
AssetImportWorker0
-projectPath
/Users/annagouliou/Desktop/waytogo/waytogo
-logFile
Logs/AssetImportWorker0.log
-srvPort
53004
Successfully changed project path to: /Users/annagouliou/Desktop/waytogo/waytogo
/Users/annagouliou/Desktop/waytogo/waytogo
Using Asset Import Pipeline V2.
Refreshing native plugins compatible for Editor in 56.98 ms, found 3 plugins.
Preloading 0 native plugins for Editor in 0.00 ms.
Initialize engine version: 2020.3.11f1 (99c7afb366b3)
[Subsystems] Discovering subsystems at path /Applications/Unity/Hub/Editor/2020.3.11f1/Unity.app/Contents/Resources/UnitySubsystems
[Subsystems] Discovering subsystems at path /Users/annagouliou/Desktop/waytogo/waytogo/Assets
GfxDevice: creating device client; threaded=0
2022-01-01 20:47:02.050 Unity[10595:3724618] iMac preferred device: AMD Radeon Pro 560 (high power)
2022-01-01 20:47:02.050 Unity[10595:3724618] Metal devices available: 1
2022-01-01 20:47:02.050 Unity[10595:3724618] 0: AMD Radeon Pro 560 (high power)
2022-01-01 20:47:02.051 Unity[10595:3724618] Using device AMD Radeon Pro 560 (high power)
Initializing Metal device caps: AMD Radeon Pro 560
Initialize mono
Mono path[0] = '/Applications/Unity/Hub/Editor/2020.3.11f1/Unity.app/Contents/Managed'
Mono path[1] = '/Applications/Unity/Hub/Editor/2020.3.11f1/Unity.app/Contents/MonoBleedingEdge/lib/mono/unityjit'
Mono config path = '/Applications/Unity/Hub/Editor/2020.3.11f1/Unity.app/Contents/MonoBleedingEdge/etc'
Using monoOptions --debugger-agent=transport=dt_socket,embedding=1,server=y,suspend=n,address=127.0.0.1:56595
Begin MonoManager ReloadAssembly
Registering precompiled unity dll's ...
Register platform support module: /Applications/Unity/Hub/Editor/2020.3.11f1/PlaybackEngines/WebGLSupport/UnityEditor.WebGL.Extensions.dll
Register platform support module: /Applications/Unity/Hub/Editor/2020.3.11f1/Unity.app/Contents/PlaybackEngines/MacStandaloneSupport/UnityEditor.OSXStandalone.Extensions.dll
Register platform support module: /Applications/Unity/Hub/Editor/2020.3.11f1/PlaybackEngines/WindowsStandaloneSupport/UnityEditor.WindowsStandalone.Extensions.dll
Registered in 0.000834 seconds.
Native extension for WindowsStandalone target not found
Native extension for OSXStandalone target not found
Native extension for WebGL target not found
Refreshing native plugins compatible for Editor in 53.64 ms, found 3 plugins.
Preloading 0 native plugins for Editor in 0.00 ms.
Mono: successfully reloaded assembly
- Completed reload, in  2.343 seconds
Platform modules already initialized, skipping
Registering precompiled user dll's ...
Registered in 0.002733 seconds.
Begin MonoManager ReloadAssembly
Native extension for WindowsStandalone target not found
Native extension for OSXStandalone target not found
Native extension for WebGL target not found
Refreshing native plugins compatible for Editor in 54.44 ms, found 3 plugins.
Preloading 0 native plugins for Editor in 0.00 ms.
Mono: successfully reloaded assembly
- Completed reload, in  1.520 seconds
Platform modules already initialized, skipping
========================================================================
Worker process is ready to serve import requests
Launching external process: /Applications/Unity/Hub/Editor/2020.3.11f1/Unity.app/Contents/Tools/UnityShaderCompiler
Launched and connected shader compiler UnityShaderCompiler after 0.02 seconds
Refreshing native plugins compatible for Editor in 0.51 ms, found 3 plugins.
Preloading 0 native plugins for Editor in 0.00 ms.
Unloading 2101 Unused Serialized files (Serialized files now loaded: 0)
System memory in use before: 172.7 MB.
System memory in use after: 172.8 MB.

Unloading 28 unused Assets to reduce memory usage. Loaded Objects now: 2543.
Total: 2.480720 ms (FindLiveObjects: 0.196618 ms CreateObjectMapping: 0.082510 ms MarkObjects: 2.126731 ms  DeleteObjects: 0.073888 ms)

========================================================================
Received Import Request.
  path: Assets/Levels/EndScene.unity
  artifactKey: Guid(49b81c67c0d2d4a078b19271f0dc0032) Importer(815301076,1909f56bfc062723c751e8b465ee728b)
Start importing Assets/Levels/EndScene.unity using Guid(49b81c67c0d2d4a078b19271f0dc0032) Importer(815301076,1909f56bfc062723c751e8b465ee728b)  -> (artifact id: 'd53cfa2bc3879dbd1f0e9a2396365ddc') in 0.013128 seconds
  Import took 0.016621 seconds .

========================================================================
Received Import Request.
  Time since last request: 0.000203 seconds.
  path: Assets/Levels/level1.unity
  artifactKey: Guid(2cda990e2423bbf4892e6590ba056729) Importer(815301076,1909f56bfc062723c751e8b465ee728b)
Start importing Assets/Levels/level1.unity using Guid(2cda990e2423bbf4892e6590ba056729) Importer(815301076,1909f56bfc062723c751e8b465ee728b)  -> (artifact id: '62d967b30c2d2141fdd0579710fbf8ff') in 0.001105 seconds
  Import took 0.005521 seconds .

========================================================================
Received Prepare
Registering precompiled user dll's ...
Registered in 0.002029 seconds.
Begin MonoManager ReloadAssembly
Native extension for WindowsStandalone target not found
Native extension for OSXStandalone target not found
Native extension for WebGL target not found
Refreshing native plugins compatible for Editor in 0.50 ms, found 3 plugins.
Preloading 0 native plugins for Editor in 0.00 ms.
Mono: successfully reloaded assembly
- Completed reload, in  1.339 seconds
Platform modules already initialized, skipping
Refreshing native plugins compatible for Editor in 0.46 ms, found 3 plugins.
Preloading 0 native plugins for Editor in 0.00 ms.
Unloading 2078 Unused Serialized files (Serialized files now loaded: 0)
System memory in use before: 171.7 MB.
System memory in use after: 171.8 MB.

Unloading 16 unused Assets to reduce memory usage. Loaded Objects now: 2547.
Total: 2.695967 ms (FindLiveObjects: 0.192692 ms CreateObjectMapping: 0.098293 ms MarkObjects: 2.374471 ms  DeleteObjects: 0.029351 ms)

========================================================================
Received Prepare
Registering precompiled user dll's ...
Registered in 0.002201 seconds.
Begin MonoManager ReloadAssembly
Native extension for WindowsStandalone target not found
Native extension for OSXStandalone target not found
Native extension for WebGL target not found
Refreshing native plugins compatible for Editor in 0.61 ms, found 3 plugins.
Preloading 0 native plugins for Editor in 0.00 ms.
Mono: successfully reloaded assembly
- Completed reload, in  1.203 seconds
Platform modules already initialized, skipping
Refreshing native plugins compatible for Editor in 0.54 ms, found 3 plugins.
Preloading 0 native plugins for Editor in 0.00 ms.
Unloading 2078 Unused Serialized files (Serialized files now loaded: 0)
System memory in use before: 172.4 MB.
System memory in use after: 172.5 MB.

Unloading 16 unused Assets to reduce memory usage. Loaded Objects now: 2551.
Total: 1.960824 ms (FindLiveObjects: 0.189569 ms CreateObjectMapping: 0.069785 ms MarkObjects: 1.678332 ms  DeleteObjects: 0.022117 ms)

========================================================================
Received Prepare
Registering precompiled user dll's ...
Registered in 0.002101 seconds.
Begin MonoManager ReloadAssembly
Native extension for WindowsStandalone target not found
Native extension for OSXStandalone target not found
Native extension for WebGL target not found
Refreshing native plugins compatible for Editor in 0.43 ms, found 3 plugins.
Preloading 0 native plugins for Editor in 0.00 ms.
Mono: successfully reloaded assembly
- Completed reload, in  1.199 seconds
Platform modules already initialized, skipping
Refreshing native plugins compatible for Editor in 0.43 ms, found 3 plugins.
Preloading 0 native plugins for Editor in 0.00 ms.
Unloading 2078 Unused Serialized files (Serialized files now loaded: 0)
System memory in use before: 172.8 MB.
System memory in use after: 172.9 MB.

Unloading 16 unused Assets to reduce memory usage. Loaded Objects now: 2555.
Total: 2.079028 ms (FindLiveObjects: 0.203096 ms CreateObjectMapping: 0.082612 ms MarkObjects: 1.769394 ms  DeleteObjects: 0.022916 ms)

========================================================================
Received Prepare
Registering precompiled user dll's ...
Registered in 0.001899 seconds.
Begin MonoManager ReloadAssembly
Native extension for WindowsStandalone target not found
Native extension for OSXStandalone target not found
Native extension for WebGL target not found
Refreshing native plugins compatible for Editor in 0.43 ms, found 3 plugins.
Preloading 0 native plugins for Editor in 0.00 ms.
Mono: successfully reloaded assembly
- Completed reload, in  1.168 seconds
Platform modules already initialized, skipping
Refreshing native plugins compatible for Editor in 0.42 ms, found 3 plugins.
Preloading 0 native plugins for Editor in 0.00 ms.
Unloading 2078 Unused Serialized files (Serialized files now loaded: 0)
System memory in use before: 173.1 MB.
System memory in use after: 173.2 MB.

Unloading 16 unused Assets to reduce memory usage. Loaded Objects now: 2559.
Total: 1.960429 ms (FindLiveObjects: 0.194227 ms CreateObjectMapping: 0.077243 ms MarkObjects: 1.666588 ms  DeleteObjects: 0.021515 ms)

========================================================================
Received Prepare
Refreshing native plugins compatible for Editor in 2.10 ms, found 3 plugins.
Preloading 0 native plugins for Editor in 0.00 ms.
Unloading 14 Unused Serialized files (Serialized files now loaded: 0)
System memory in use before: 132.4 MB.
System memory in use after: 132.5 MB.

Unloading 14 unused Assets to reduce memory usage. Loaded Objects now: 2559.
Total: 3.005128 ms (FindLiveObjects: 0.260125 ms CreateObjectMapping: 0.098375 ms MarkObjects: 2.625243 ms  DeleteObjects: 0.020034 ms)

========================================================================
Received Prepare
Refreshing native plugins compatible for Editor in 1.90 ms, found 3 plugins.
Preloading 0 native plugins for Editor in 0.00 ms.
Unloading 14 Unused Serialized files (Serialized files now loaded: 0)
System memory in use before: 132.4 MB.
System memory in use after: 132.6 MB.

Unloading 14 unused Assets to reduce memory usage. Loaded Objects now: 2559.
Total: 1.936608 ms (FindLiveObjects: 0.178974 ms CreateObjectMapping: 0.069972 ms MarkObjects: 1.675098 ms  DeleteObjects: 0.011910 ms)

========================================================================
Received Prepare
Refreshing native plugins compatible for Editor in 2.29 ms, found 3 plugins.
Preloading 0 native plugins for Editor in 0.00 ms.
Unloading 14 Unused Serialized files (Serialized files now loaded: 0)
System memory in use before: 132.4 MB.
System memory in use after: 132.5 MB.

Unloading 14 unused Assets to reduce memory usage. Loaded Objects now: 2559.
Total: 2.435701 ms (FindLiveObjects: 0.186329 ms CreateObjectMapping: 0.072403 ms MarkObjects: 2.158758 ms  DeleteObjects: 0.017449 ms)

========================================================================
Received Prepare
Refreshing native plugins compatible for Editor in 2.14 ms, found 3 plugins.
Preloading 0 native plugins for Editor in 0.00 ms.
Unloading 14 Unused Serialized files (Serialized files now loaded: 0)
System memory in use before: 132.4 MB.
System memory in use after: 132.6 MB.

Unloading 14 unused Assets to reduce memory usage. Loaded Objects now: 2559.
Total: 2.455043 ms (FindLiveObjects: 0.198863 ms CreateObjectMapping: 0.078694 ms MarkObjects: 2.157073 ms  DeleteObjects: 0.019471 ms)

========================================================================
Received Prepare
Refreshing native plugins compatible for Editor in 1.85 ms, found 3 plugins.
Preloading 0 native plugins for Editor in 0.00 ms.
Unloading 14 Unused Serialized files (Serialized files now loaded: 0)
System memory in use before: 132.4 MB.
System memory in use after: 132.6 MB.

Unloading 14 unused Assets to reduce memory usage. Loaded Objects now: 2559.
Total: 1.926626 ms (FindLiveObjects: 0.175199 ms CreateObjectMapping: 0.067072 ms MarkObjects: 1.672002 ms  DeleteObjects: 0.011711 ms)

========================================================================
Received Import Request.
  Time since last request: 564.482203 seconds.
  path: Assets/Levels/level1 1.unity
  artifactKey: Guid(433463369807342a9a32bb8978da5b77) Importer(815301076,1909f56bfc062723c751e8b465ee728b)
Start importing Assets/Levels/level1 1.unity using Guid(433463369807342a9a32bb8978da5b77) Importer(815301076,1909f56bfc062723c751e8b465ee728b)  -> (artifact id: '473e9893077620023e0d86bee6bdff22') in 0.010484 seconds
  Import took 0.014236 seconds .

========================================================================
Received Import Request.
  Time since last request: 33.624887 seconds.
  path: Assets/Levels/level1 2.unity
  artifactKey: Guid(52746dd44ae534a8aa7480cf2e4c52ee) Importer(815301076,1909f56bfc062723c751e8b465ee728b)
Start importing Assets/Levels/level1 2.unity using Guid(52746dd44ae534a8aa7480cf2e4c52ee) Importer(815301076,1909f56bfc062723c751e8b465ee728b)  -> (artifact id: 'be774a0ae2e07cf58ed23357d3a72f21') in 0.002903 seconds
  Import took 0.006394 seconds .

========================================================================
Received Import Request.
  Time since last request: 0.000779 seconds.
  path: Assets/Levels/level1 2.unity
  artifactKey: Guid(52746dd44ae534a8aa7480cf2e4c52ee) Importer(815301076,1909f56bfc062723c751e8b465ee728b)
Start importing Assets/Levels/level1 2.unity using Guid(52746dd44ae534a8aa7480cf2e4c52ee) Importer(815301076,1909f56bfc062723c751e8b465ee728b)  -> (artifact id: 'be774a0ae2e07cf58ed23357d3a72f21') in 0.001274 seconds
  Import took 0.004983 seconds .

========================================================================
Received Import Request.
  Time since last request: 29.160372 seconds.
  path: Assets/Levels/level1 3.unity
  artifactKey: Guid(12e28f7a1f2544b73867cfccad2e6487) Importer(815301076,1909f56bfc062723c751e8b465ee728b)
Start importing Assets/Levels/level1 3.unity using Guid(12e28f7a1f2544b73867cfccad2e6487) Importer(815301076,1909f56bfc062723c751e8b465ee728b)  -> (artifact id: 'cd834756251aa70dbc38b1d1781056b4') in 0.003125 seconds
  Import took 0.006742 seconds .

========================================================================
Received Import Request.
  Time since last request: 33.123408 seconds.
  path: Assets/Levels/level1 4.unity
  artifactKey: Guid(5ec481404c54c49059ef2520dd6c0057) Importer(815301076,1909f56bfc062723c751e8b465ee728b)
Start importing Assets/Levels/level1 4.unity using Guid(5ec481404c54c49059ef2520dd6c0057) Importer(815301076,1909f56bfc062723c751e8b465ee728b)  -> (artifact id: 'f7022a7a32a6d9a42921b5d83751e629') in 0.002956 seconds
  Import took 0.007022 seconds .

========================================================================
Received Import Request.
  Time since last request: 0.000699 seconds.
  path: Assets/Levels/level1 4.unity
  artifactKey: Guid(5ec481404c54c49059ef2520dd6c0057) Importer(815301076,1909f56bfc062723c751e8b465ee728b)
Start importing Assets/Levels/level1 4.unity using Guid(5ec481404c54c49059ef2520dd6c0057) Importer(815301076,1909f56bfc062723c751e8b465ee728b)  -> (artifact id: 'f7022a7a32a6d9a42921b5d83751e629') in 0.001118 seconds
  Import took 0.004792 seconds .

========================================================================
Received Import Request.
  Time since last request: 40.158123 seconds.
  path: Assets/Levels/level1 5.unity
  artifactKey: Guid(62bfaaef539474593b7ef4046533881e) Importer(815301076,1909f56bfc062723c751e8b465ee728b)
Start importing Assets/Levels/level1 5.unity using Guid(62bfaaef539474593b7ef4046533881e) Importer(815301076,1909f56bfc062723c751e8b465ee728b)  -> (artifact id: '84cc7d8326fb04fc265f945c09363a4c') in 0.002907 seconds
  Import took 0.006134 seconds .

========================================================================
Received Prepare
Refreshing native plugins compatible for Editor in 1.86 ms, found 3 plugins.
Preloading 0 native plugins for Editor in 0.00 ms.
Unloading 14 Unused Serialized files (Serialized files now loaded: 0)
System memory in use before: 132.6 MB.
System memory in use after: 132.7 MB.

Unloading 14 unused Assets to reduce memory usage. Loaded Objects now: 2559.
Total: 2.581852 ms (FindLiveObjects: 0.174088 ms CreateObjectMapping: 0.066861 ms MarkObjects: 2.323471 ms  DeleteObjects: 0.016585 ms)

========================================================================
Received Import Request.
  Time since last request: 199.359024 seconds.
  path: Assets/Levels/level1 3.unity
  artifactKey: Guid(12e28f7a1f2544b73867cfccad2e6487) Importer(815301076,1909f56bfc062723c751e8b465ee728b)
Start importing Assets/Levels/level1 3.unity using Guid(12e28f7a1f2544b73867cfccad2e6487) Importer(815301076,1909f56bfc062723c751e8b465ee728b)  -> (artifact id: '894476653f1acbf2063d5f1aa41c14c0') in 0.003060 seconds
  Import took 0.007047 seconds .

========================================================================
Received Import Request.
  Time since last request: 50.057209 seconds.
  path: Assets/Levels/level1 4.unity
  artifactKey: Guid(5ec481404c54c49059ef2520dd6c0057) Importer(815301076,1909f56bfc062723c751e8b465ee728b)
Start importing Assets/Levels/level1 4.unity using Guid(5ec481404c54c49059ef2520dd6c0057) Importer(815301076,1909f56bfc062723c751e8b465ee728b)  -> (artifact id: 'e22702c1296fcf11655948043e862c69') in 0.003025 seconds
  Import took 0.006422 seconds .

========================================================================
Received Import Request.
  Time since last request: 86.075351 seconds.
  path: Assets/Levels/level1 2.unity
  artifactKey: Guid(52746dd44ae534a8aa7480cf2e4c52ee) Importer(815301076,1909f56bfc062723c751e8b465ee728b)
Start importing Assets/Levels/level1 2.unity using Guid(52746dd44ae534a8aa7480cf2e4c52ee) Importer(815301076,1909f56bfc062723c751e8b465ee728b)  -> (artifact id: '64968b34ba927b8a8c2e830974595bdc') in 0.003015 seconds
  Import took 0.007017 seconds .

========================================================================
Received Prepare
Refreshing native plugins compatible for Editor in 1.88 ms, found 3 plugins.
Preloading 0 native plugins for Editor in 0.00 ms.
Unloading 14 Unused Serialized files (Serialized files now loaded: 0)
System memory in use before: 132.6 MB.
System memory in use after: 132.7 MB.

Unloading 14 unused Assets to reduce memory usage. Loaded Objects now: 2559.
Total: 2.265837 ms (FindLiveObjects: 0.176464 ms CreateObjectMapping: 0.066572 ms MarkObjects: 2.009786 ms  DeleteObjects: 0.012365 ms)

========================================================================
Received Import Request.
  Time since last request: 169.724594 seconds.
  path: Assets/Levels/level1 1.unity
  artifactKey: Guid(433463369807342a9a32bb8978da5b77) Importer(815301076,1909f56bfc062723c751e8b465ee728b)
Start importing Assets/Levels/level1 1.unity using Guid(433463369807342a9a32bb8978da5b77) Importer(815301076,1909f56bfc062723c751e8b465ee728b)  -> (artifact id: '29bd061275bcd6db793adbf6b4383d2a') in 0.003296 seconds
  Import took 0.006755 seconds .

========================================================================
Received Import Request.
  Time since last request: 36.654614 seconds.
  path: Assets/Levels/level1 2.unity
  artifactKey: Guid(52746dd44ae534a8aa7480cf2e4c52ee) Importer(815301076,1909f56bfc062723c751e8b465ee728b)
Start importing Assets/Levels/level1 2.unity using Guid(52746dd44ae534a8aa7480cf2e4c52ee) Importer(815301076,1909f56bfc062723c751e8b465ee728b)  -> (artifact id: '3d04c9eaaa7d9e7450cb5dcbac2380a3') in 0.002965 seconds
  Import took 0.006670 seconds .

========================================================================
Received Import Request.
  Time since last request: 0.000868 seconds.
  path: Assets/Levels/level1 2.unity
  artifactKey: Guid(52746dd44ae534a8aa7480cf2e4c52ee) Importer(815301076,1909f56bfc062723c751e8b465ee728b)
Start importing Assets/Levels/level1 2.unity using Guid(52746dd44ae534a8aa7480cf2e4c52ee) Importer(815301076,1909f56bfc062723c751e8b465ee728b)  -> (artifact id: '3d04c9eaaa7d9e7450cb5dcbac2380a3') in 0.000984 seconds
  Import took 0.003977 seconds .

========================================================================
Received Import Request.
  Time since last request: 4.225572 seconds.
  path: Assets/Levels/level1 3.unity
  artifactKey: Guid(12e28f7a1f2544b73867cfccad2e6487) Importer(815301076,1909f56bfc062723c751e8b465ee728b)
Start importing Assets/Levels/level1 3.unity using Guid(12e28f7a1f2544b73867cfccad2e6487) Importer(815301076,1909f56bfc062723c751e8b465ee728b)  -> (artifact id: '394d25dbbdb908dac4e0cb6e41fd56e7') in 0.003115 seconds
  Import took 0.006982 seconds .

========================================================================
Received Import Request.
  Time since last request: 2.153151 seconds.
  path: Assets/Levels/level1 4.unity
  artifactKey: Guid(5ec481404c54c49059ef2520dd6c0057) Importer(815301076,1909f56bfc062723c751e8b465ee728b)
Start importing Assets/Levels/level1 4.unity using Guid(5ec481404c54c49059ef2520dd6c0057) Importer(815301076,1909f56bfc062723c751e8b465ee728b)  -> (artifact id: '7d0c6dee1831396c5852f2b2d55ec058') in 0.003187 seconds
  Import took 0.007056 seconds .

========================================================================
Received Import Request.
  Time since last request: 50.694075 seconds.
  path: Assets/Levels/level1 5.unity
  artifactKey: Guid(62bfaaef539474593b7ef4046533881e) Importer(815301076,1909f56bfc062723c751e8b465ee728b)
Start importing Assets/Levels/level1 5.unity using Guid(62bfaaef539474593b7ef4046533881e) Importer(815301076,1909f56bfc062723c751e8b465ee728b)  -> (artifact id: 'fcc3f3c263f7e19e5f04f65b59f724c9') in 0.002926 seconds
  Import took 0.006613 seconds .

========================================================================
Received Prepare
Registering precompiled user dll's ...
Registered in 0.001993 seconds.
Begin MonoManager ReloadAssembly
Native extension for WindowsStandalone target not found
Native extension for OSXStandalone target not found
Native extension for WebGL target not found
Refreshing native plugins compatible for Editor in 0.69 ms, found 3 plugins.
Preloading 0 native plugins for Editor in 0.00 ms.
Mono: successfully reloaded assembly
- Completed reload, in  1.331 seconds
Platform modules already initialized, skipping
Refreshing native plugins compatible for Editor in 0.43 ms, found 3 plugins.
Preloading 0 native plugins for Editor in 0.00 ms.
Unloading 2078 Unused Serialized files (Serialized files now loaded: 0)
System memory in use before: 173.4 MB.
System memory in use after: 173.6 MB.

Unloading 16 unused Assets to reduce memory usage. Loaded Objects now: 2563.
Total: 2.316309 ms (FindLiveObjects: 0.204075 ms CreateObjectMapping: 0.060236 ms MarkObjects: 2.027632 ms  DeleteObjects: 0.023275 ms)

========================================================================
Received Prepare
Refreshing native plugins compatible for Editor in 1.92 ms, found 3 plugins.
Preloading 0 native plugins for Editor in 0.00 ms.
Unloading 14 Unused Serialized files (Serialized files now loaded: 0)
System memory in use before: 132.8 MB.
System memory in use after: 132.9 MB.

Unloading 14 unused Assets to reduce memory usage. Loaded Objects now: 2563.
Total: 1.977787 ms (FindLiveObjects: 0.181544 ms CreateObjectMapping: 0.071293 ms MarkObjects: 1.712193 ms  DeleteObjects: 0.012052 ms)

========================================================================
Received Prepare
Refreshing native plugins compatible for Editor in 1.99 ms, found 3 plugins.
Preloading 0 native plugins for Editor in 0.00 ms.
Unloading 14 Unused Serialized files (Serialized files now loaded: 0)
System memory in use before: 132.8 MB.
System memory in use after: 132.9 MB.

Unloading 14 unused Assets to reduce memory usage. Loaded Objects now: 2563.
Total: 2.093360 ms (FindLiveObjects: 0.200747 ms CreateObjectMapping: 0.085354 ms MarkObjects: 1.793485 ms  DeleteObjects: 0.013097 ms)

========================================================================
Received Import Request.
  Time since last request: 496.337471 seconds.
  path: Assets/Levels/level1.unity
  artifactKey: Guid(2cda990e2423bbf4892e6590ba056729) Importer(815301076,1909f56bfc062723c751e8b465ee728b)
Start importing Assets/Levels/level1.unity using Guid(2cda990e2423bbf4892e6590ba056729) Importer(815301076,1909f56bfc062723c751e8b465ee728b)  -> (artifact id: '3552f036f324da0e87f5cb1d9434d151') in 0.011538 seconds
  Import took 0.014890 seconds .

========================================================================
Received Import Request.
  Time since last request: 0.482014 seconds.
  path: Assets/Levels/level1 5.unity
  artifactKey: Guid(62bfaaef539474593b7ef4046533881e) Importer(815301076,1909f56bfc062723c751e8b465ee728b)
Start importing Assets/Levels/level1 5.unity using Guid(62bfaaef539474593b7ef4046533881e) Importer(815301076,1909f56bfc062723c751e8b465ee728b)  -> (artifact id: '18e9adf108a0256ebc14a84981e83e78') in 0.002944 seconds
  Import took 0.006026 seconds .

========================================================================
Received Import Request.
  Time since last request: 3.761060 seconds.
  path: Assets/Levels/level1 4.unity
  artifactKey: Guid(5ec481404c54c49059ef2520dd6c0057) Importer(815301076,1909f56bfc062723c751e8b465ee728b)
Start importing Assets/Levels/level1 4.unity using Guid(5ec481404c54c49059ef2520dd6c0057) Importer(815301076,1909f56bfc062723c751e8b465ee728b)  -> (artifact id: '947655362227cfe13a3262b8c61fde86') in 0.003003 seconds
  Import took 0.006561 seconds .

========================================================================
Received Import Request.
  Time since last request: 13.852090 seconds.
  path: Assets/Levels/StartScene.unity
  artifactKey: Guid(fd4e91f3551a44cc9b9f38f813cd6d9e) Importer(815301076,1909f56bfc062723c751e8b465ee728b)
Start importing Assets/Levels/StartScene.unity using Guid(fd4e91f3551a44cc9b9f38f813cd6d9e) Importer(815301076,1909f56bfc062723c751e8b465ee728b)  -> (artifact id: 'a09fbe178bb57e13139552827cb0eec9') in 0.002975 seconds
  Import took 0.006083 seconds .

========================================================================
Received Prepare
Registering precompiled user dll's ...
Registered in 0.001959 seconds.
Begin MonoManager ReloadAssembly
Native extension for WindowsStandalone target not found
Native extension for OSXStandalone target not found
Native extension for WebGL target not found
Refreshing native plugins compatible for Editor in 0.44 ms, found 3 plugins.
Preloading 0 native plugins for Editor in 0.00 ms.
Mono: successfully reloaded assembly
- Completed reload, in  1.149 seconds
Platform modules already initialized, skipping
Refreshing native plugins compatible for Editor in 0.43 ms, found 3 plugins.
Preloading 0 native plugins for Editor in 0.00 ms.
Unloading 2078 Unused Serialized files (Serialized files now loaded: 0)
System memory in use before: 173.6 MB.
System memory in use after: 173.7 MB.

Unloading 16 unused Assets to reduce memory usage. Loaded Objects now: 2567.
Total: 2.106429 ms (FindLiveObjects: 0.200412 ms CreateObjectMapping: 0.077713 ms MarkObjects: 1.801742 ms  DeleteObjects: 0.025579 ms)

========================================================================
Received Prepare
Registering precompiled user dll's ...
Registered in 0.001949 seconds.
Begin MonoManager ReloadAssembly
Native extension for WindowsStandalone target not found
Native extension for OSXStandalone target not found
Native extension for WebGL target not found
Refreshing native plugins compatible for Editor in 0.42 ms, found 3 plugins.
Preloading 0 native plugins for Editor in 0.00 ms.
Mono: successfully reloaded assembly
- Completed reload, in  1.161 seconds
Platform modules already initialized, skipping
Refreshing native plugins compatible for Editor in 0.42 ms, found 3 plugins.
Preloading 0 native plugins for Editor in 0.00 ms.
Unloading 2078 Unused Serialized files (Serialized files now loaded: 0)
System memory in use before: 173.8 MB.
System memory in use after: 173.9 MB.

Unloading 16 unused Assets to reduce memory usage. Loaded Objects now: 2571.
Total: 1.989848 ms (FindLiveObjects: 0.185644 ms CreateObjectMapping: 0.071580 ms MarkObjects: 1.707106 ms  DeleteObjects: 0.024540 ms)

========================================================================
Received Prepare
Registering precompiled user dll's ...
Registered in 0.001925 seconds.
Begin MonoManager ReloadAssembly
Native extension for WindowsStandalone target not found
Native extension for OSXStandalone target not found
Native extension for WebGL target not found
Refreshing native plugins compatible for Editor in 0.44 ms, found 3 plugins.
Preloading 0 native plugins for Editor in 0.00 ms.
Mono: successfully reloaded assembly
- Completed reload, in  1.142 seconds
Platform modules already initialized, skipping
Refreshing native plugins compatible for Editor in 0.42 ms, found 3 plugins.
Preloading 0 native plugins for Editor in 0.00 ms.
Unloading 2078 Unused Serialized files (Serialized files now loaded: 0)
System memory in use before: 174.0 MB.
System memory in use after: 174.1 MB.

Unloading 16 unused Assets to reduce memory usage. Loaded Objects now: 2575.
Total: 1.992828 ms (FindLiveObjects: 0.186574 ms CreateObjectMapping: 0.074079 ms MarkObjects: 1.711577 ms  DeleteObjects: 0.019716 ms)

========================================================================
Received Prepare
Registering precompiled user dll's ...
Registered in 0.002035 seconds.
Begin MonoManager ReloadAssembly
Native extension for WindowsStandalone target not found
Native extension for OSXStandalone target not found
Native extension for WebGL target not found
Refreshing native plugins compatible for Editor in 0.48 ms, found 3 plugins.
Preloading 0 native plugins for Editor in 0.00 ms.
Mono: successfully reloaded assembly
- Completed reload, in  1.211 seconds
Platform modules already initialized, skipping
Refreshing native plugins compatible for Editor in 0.43 ms, found 3 plugins.
Preloading 0 native plugins for Editor in 0.00 ms.
Unloading 2078 Unused Serialized files (Serialized files now loaded: 0)
System memory in use before: 174.2 MB.
System memory in use after: 174.3 MB.

Unloading 16 unused Assets to reduce memory usage. Loaded Objects now: 2579.
Total: 2.028939 ms (FindLiveObjects: 0.197417 ms CreateObjectMapping: 0.079339 ms MarkObjects: 1.727505 ms  DeleteObjects: 0.023681 ms)

========================================================================
Received Prepare
Registering precompiled user dll's ...
Registered in 0.002084 seconds.
Begin MonoManager ReloadAssembly
Native extension for WindowsStandalone target not found
Native extension for OSXStandalone target not found
Native extension for WebGL target not found
Refreshing native plugins compatible for Editor in 0.46 ms, found 3 plugins.
Preloading 0 native plugins for Editor in 0.00 ms.
Mono: successfully reloaded assembly
- Completed reload, in  3.234 seconds
Platform modules already initialized, skipping
Refreshing native plugins compatible for Editor in 0.62 ms, found 3 plugins.
Preloading 0 native plugins for Editor in 0.00 ms.
Unloading 2078 Unused Serialized files (Serialized files now loaded: 0)
System memory in use before: 174.4 MB.
System memory in use after: 174.5 MB.

Unloading 16 unused Assets to reduce memory usage. Loaded Objects now: 2583.
Total: 2.458384 ms (FindLiveObjects: 0.224584 ms CreateObjectMapping: 0.082310 ms MarkObjects: 2.123826 ms  DeleteObjects: 0.026611 ms)

========================================================================
Received Prepare
Refreshing native plugins compatible for Editor in 1.95 ms, found 3 plugins.
Preloading 0 native plugins for Editor in 0.00 ms.
Unloading 14 Unused Serialized files (Serialized files now loaded: 0)
System memory in use before: 133.7 MB.
System memory in use after: 133.9 MB.

Unloading 14 unused Assets to reduce memory usage. Loaded Objects now: 2583.
Total: 2.010241 ms (FindLiveObjects: 0.186012 ms CreateObjectMapping: 0.070540 ms MarkObjects: 1.740853 ms  DeleteObjects: 0.012127 ms)

